[debug] [2024-02-26T20:20:25.583Z] ----------------------------------------------------------------------
[debug] [2024-02-26T20:20:25.588Z] Command:       C:\Program Files\nodejs\node.exe C:\Users\thine\AppData\Roaming\npm\node_modules\firebase-tools\lib\bin\firebase.js init
[debug] [2024-02-26T20:20:25.589Z] CLI Version:   13.3.1
[debug] [2024-02-26T20:20:25.589Z] Platform:      win32
[debug] [2024-02-26T20:20:25.590Z] Node Version:  v18.18.2
[debug] [2024-02-26T20:20:25.592Z] Time:          Tue Feb 27 2024 01:50:25 GMT+0530 (India Standard Time)
[debug] [2024-02-26T20:20:25.592Z] ----------------------------------------------------------------------
[debug] 
[debug] [2024-02-26T20:20:25.726Z] > command requires scopes: ["email","openid","https://www.googleapis.com/auth/cloudplatformprojects.readonly","https://www.googleapis.com/auth/firebase","https://www.googleapis.com/auth/cloud-platform"]
[debug] [2024-02-26T20:20:25.727Z] > authorizing via signed-in user (ffpatturaj02@gmail.com)
[info] 
     ######## #### ########  ######## ########     ###     ######  ########
     ##        ##  ##     ## ##       ##     ##  ##   ##  ##       ##
     ######    ##  ########  ######   ########  #########  ######  ######
     ##        ##  ##    ##  ##       ##     ## ##     ##       ## ##
     ##       #### ##     ## ######## ########  ##     ##  ######  ########

You're about to initialize a Firebase project in this directory:

  C:\Users\thine\project

Before we get started, keep in mind:

  * You are initializing within an existing Firebase project directory

[info] 
=== Project Setup
[info] 
[info] First, let's associate this project directory with a Firebase project.
[info] You can create multiple project aliases by running firebase use --add, 
[info] but for now we'll just set up a default project.
[info] 
[debug] [2024-02-26T20:20:32.409Z] Using project from CLI flag: myportfolio-1d762
[debug] [2024-02-26T20:20:32.413Z] >>> [apiv2][query] GET https://firebase.googleapis.com/v1beta1/projects/myportfolio-1d762 [none]
[debug] [2024-02-26T20:20:33.021Z] <<< [apiv2][status] GET https://firebase.googleapis.com/v1beta1/projects/myportfolio-1d762 200
[debug] [2024-02-26T20:20:33.022Z] <<< [apiv2][body] GET https://firebase.googleapis.com/v1beta1/projects/myportfolio-1d762 {"projectId":"myportfolio-1d762","projectNumber":"521675935351","displayName":"myportfolio","name":"projects/myportfolio-1d762","resources":{"hostingSite":"myportfolio-1d762"},"state":"ACTIVE","etag":"1_c7ff4411-e38e-4eee-96e5-e82c10109bc0"}
[info] i  Using project myportfolio-1d762 (myportfolio) 
[info] 
=== Hosting Setup
[debug] [2024-02-26T20:20:33.036Z] >>> [apiv2][query] GET https://firebase.googleapis.com/v1beta1/projects/myportfolio-1d762 [none]
[debug] [2024-02-26T20:20:33.624Z] <<< [apiv2][status] GET https://firebase.googleapis.com/v1beta1/projects/myportfolio-1d762 200
[debug] [2024-02-26T20:20:33.625Z] <<< [apiv2][body] GET https://firebase.googleapis.com/v1beta1/projects/myportfolio-1d762 {"projectId":"myportfolio-1d762","projectNumber":"521675935351","displayName":"myportfolio","name":"projects/myportfolio-1d762","resources":{"hostingSite":"myportfolio-1d762"},"state":"ACTIVE","etag":"1_c7ff4411-e38e-4eee-96e5-e82c10109bc0"}
[info] 
[info] Your public directory is the folder (relative to your project directory) that
[info] will contain Hosting assets to be uploaded with firebase deploy. If you
[info] have a build process for your assets, use your build's output directory.
[info] 
[debug] [2024-02-26T20:20:44.444Z] >>> [apiv2][query] GET https://www.gstatic.com/firebasejs/releases.json [none]
[debug] [2024-02-26T20:20:44.683Z] <<< [apiv2][status] GET https://www.gstatic.com/firebasejs/releases.json 200
[debug] [2024-02-26T20:20:44.683Z] <<< [apiv2][body] GET https://www.gstatic.com/firebasejs/releases.json {"current":{"version":"10.8.0","browserURL":"https://www.gstatic.com/firebasejs/10.8.0/firebase.js","packageURL":"https://www.gstatic.com/firebasejs/10.8.0/firebase.tgz"},"live":{"version":"10.8","browserURL":"https://www.gstatic.com/firebasejs/live/10.8/firebase.js","packageURL":"https://www.gstatic.com/firebasejs/live/10.8/firebase.tgz"},"components":{"analytics":"https://www.gstatic.com/firebasejs/10.8.0/firebase-analytics.js","app":"https://www.gstatic.com/firebasejs/10.8.0/firebase-app.js","app-check":"https://www.gstatic.com/firebasejs/10.8.0/firebase-app-check.js","auth":"https://www.gstatic.com/firebasejs/10.8.0/firebase-auth.js","auth/cordova":"https://www.gstatic.com/firebasejs/10.8.0/firebase-auth/cordova.js","auth/web-extension":"https://www.gstatic.com/firebasejs/10.8.0/firebase-auth/web-extension.js","functions":"https://www.gstatic.com/firebasejs/10.8.0/firebase-functions.js","firestore":"https://www.gstatic.com/firebasejs/10.8.0/firebase-firestore.js","firestore/lite":"https://www.gstatic.com/firebasejs/10.8.0/firebase-firestore/lite.js","installations":"https://www.gstatic.com/firebasejs/10.8.0/firebase-installations.js","storage":"https://www.gstatic.com/firebasejs/10.8.0/firebase-storage.js","performance":"https://www.gstatic.com/firebasejs/10.8.0/firebase-performance.js","remote-config":"https://www.gstatic.com/firebasejs/10.8.0/firebase-remote-config.js","messaging":"https://www.gstatic.com/firebasejs/10.8.0/firebase-messaging.js","messaging/sw":"https://www.gstatic.com/firebasejs/10.8.0/firebase-messaging/sw.js","database":"https://www.gstatic.com/firebasejs/10.8.0/firebase-database.js","firestore.memory":"https://www.gstatic.com/firebasejs/10.8.0/firebase-firestore.memory.js"}}
[info] i  Skipping write of build/index.html 
[info] 
[info] i  Detected a .git folder at C:\Users\thine\project 
[info] i  Authorizing with GitHub to upload your service account to a GitHub repository's secrets store. 
[info] 
[info] Visit this URL on this device to log in:
[info] https://github.com/login/oauth/authorize?client_id=89cf50f02ac6aaed3484&state=247306052&redirect_uri=http%3A%2F%2Flocalhost%3A9005&scope=read%3Auser%20repo%20public_repo
[info] 
[info] Waiting for authentication...
[debug] [2024-02-26T20:20:47.350Z] >>> [apiv2][query] POST https://github.com/login/oauth/access_token [none]
[debug] [2024-02-26T20:20:47.351Z] >>> [apiv2][body] POST https://github.com/login/oauth/access_token [stream]
[debug] [2024-02-26T20:20:48.060Z] <<< [apiv2][status] POST https://github.com/login/oauth/access_token 200
[debug] [2024-02-26T20:20:48.060Z] <<< [apiv2][body] POST https://github.com/login/oauth/access_token {"access_token":"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","token_type":"bearer","scope":"read:user,repo"}
[debug] [2024-02-26T20:20:48.080Z] >>> [apiv2][query] GET https://api.github.com/user [none]
[debug] [2024-02-26T20:20:48.572Z] <<< [apiv2][status] GET https://api.github.com/user 200
[debug] [2024-02-26T20:20:48.572Z] <<< [apiv2][body] GET https://api.github.com/user {"login":"Thinesh-raj","id":161183898,"node_id":"U_kgDOCZt4mg","avatar_url":"https://avatars.githubusercontent.com/u/161183898?v=4","gravatar_id":"","url":"https://api.github.com/users/Thinesh-raj","html_url":"https://github.com/Thinesh-raj","followers_url":"https://api.github.com/users/Thinesh-raj/followers","following_url":"https://api.github.com/users/Thinesh-raj/following{/other_user}","gists_url":"https://api.github.com/users/Thinesh-raj/gists{/gist_id}","starred_url":"https://api.github.com/users/Thinesh-raj/starred{/owner}{/repo}","subscriptions_url":"https://api.github.com/users/Thinesh-raj/subscriptions","organizations_url":"https://api.github.com/users/Thinesh-raj/orgs","repos_url":"https://api.github.com/users/Thinesh-raj/repos","events_url":"https://api.github.com/users/Thinesh-raj/events{/privacy}","received_events_url":"https://api.github.com/users/Thinesh-raj/received_events","type":"User","site_admin":false,"name":"Thineshraj","company":"No","blog":"","location":null,"email":null,"hireable":null,"bio":"Code is everywere","twitter_username":null,"public_repos":2,"public_gists":0,"followers":0,"following":0,"created_at":"2024-02-25T04:03:59Z","updated_at":"2024-02-25T17:00:37Z","private_gists":0,"total_private_repos":0,"owned_private_repos":0,"disk_usage":10385,"collaborators":0,"two_factor_authentication":false,"plan":{"name":"free","space":976562499,"collaborators":0,"private_repos":10000}}
[info] 
[info] +  Success! Logged into GitHub as Thinesh-raj 
[info] 
